<?xml version="1.0" encoding="UTF-8"?>
<testsuite name="com.telran.selenium.OpenGoogleTest" tests="1" skipped="0" failures="0" errors="0" timestamp="2019-09-18T11:42:38" hostname="DESKTOP-IUD2MJC" time="19.224">
  <properties/>
  <testcase name="setUp" classname="com.telran.selenium.OpenGoogleTest" time="19.224"/>
  <system-out><![CDATA[]]></system-out>
  <system-err><![CDATA[Starting ChromeDriver 76.0.3809.68 (420c9498db8ce8fcd190a954d51297672c1515d5-refs/branch-heads/3809@{#864}) on port 38023
Only local connections are allowed.
Please protect ports used by ChromeDriver and related test frameworks to prevent access by malicious code.
[1568806961.599][WARNING]: This version of ChromeDriver has not been tested with Chrome version 77.
[1568806963.621][WARNING]: Timed out connecting to Chrome, retrying...
??? 18, 2019 2:42:45 PM org.openqa.selenium.remote.ProtocolHandshake createSession
INFO: Detected dialect: W3C
]]></system-err>
</testsuite>
